<?xml version="1.0" encoding="UTF-8"?>
<!-- Generated by org.testng.reporters.JUnitReportReporter -->
<testsuite hostname="DESKTOP-K1EHQG3" name="driverpack.DataProviderDemo" tests="1" failures="0" timestamp="16 Jul 2020 15:13:24 GMT" time="17.209" errors="0">
  <testcase name="f" time="17.209" classname="driverpack.DataProviderDemo"/>
</testsuite> <!-- driverpack.DataProviderDemo -->
